<?xml version="1.0" encoding="UTF-8"?>
<testsuite xmlns:xsi="http://www.w3.org/2001/XMLSchema-instance" xsi:noNamespaceSchemaLocation="https://maven.apache.org/surefire/maven-surefire-plugin/xsd/surefire-test-report-3.0.xsd" version="3.0" name="edu.uob.ExampleDBTests" time="0.548" tests="4" errors="0" skipped="0" failures="0">
  <properties>
    <property name="java.specification.version" value="17"/>
    <property name="sun.jnu.encoding" value="UTF-8"/>
    <property name="java.class.path" value="/mnt/c/Users/User/Documents/Java/Assesement/cw-db-submission/target/test-classes:/mnt/c/Users/User/Documents/Java/Assesement/cw-db-submission/target/classes:/root/.m2/repository/org/junit/jupiter/junit-jupiter/5.8.2/junit-jupiter-5.8.2.jar:/root/.m2/repository/org/junit/jupiter/junit-jupiter-api/5.8.2/junit-jupiter-api-5.8.2.jar:/root/.m2/repository/org/opentest4j/opentest4j/1.2.0/opentest4j-1.2.0.jar:/root/.m2/repository/org/junit/platform/junit-platform-commons/1.8.2/junit-platform-commons-1.8.2.jar:/root/.m2/repository/org/apiguardian/apiguardian-api/1.1.2/apiguardian-api-1.1.2.jar:/root/.m2/repository/org/junit/jupiter/junit-jupiter-params/5.8.2/junit-jupiter-params-5.8.2.jar:/root/.m2/repository/org/junit/jupiter/junit-jupiter-engine/5.8.2/junit-jupiter-engine-5.8.2.jar:/root/.m2/repository/org/junit/platform/junit-platform-engine/1.8.2/junit-platform-engine-1.8.2.jar:/root/.m2/repository/org/junit/platform/junit-platform-suite/1.8.2/junit-platform-suite-1.8.2.jar:/root/.m2/repository/org/junit/platform/junit-platform-suite-api/1.8.2/junit-platform-suite-api-1.8.2.jar:/root/.m2/repository/org/junit/platform/junit-platform-suite-engine/1.8.2/junit-platform-suite-engine-1.8.2.jar:/root/.m2/repository/org/junit/platform/junit-platform-suite-commons/1.8.2/junit-platform-suite-commons-1.8.2.jar:/root/.m2/repository/org/junit/platform/junit-platform-launcher/1.8.2/junit-platform-launcher-1.8.2.jar:"/>
    <property name="java.vm.vendor" value="Ubuntu"/>
    <property name="sun.arch.data.model" value="64"/>
    <property name="java.vendor.url" value="https://ubuntu.com/"/>
    <property name="os.name" value="Linux"/>
    <property name="java.vm.specification.version" value="17"/>
    <property name="sun.java.launcher" value="SUN_STANDARD"/>
    <property name="sun.boot.library.path" value="/usr/lib/jvm/java-17-openjdk-amd64/lib"/>
    <property name="sun.java.command" value="/mnt/c/Users/User/Documents/Java/Assesement/cw-db-submission/target/surefire/surefirebooter3679759925208588012.jar /mnt/c/Users/User/Documents/Java/Assesement/cw-db-submission/target/surefire 2025-03-14T12-25-22_562-jvmRun1 surefire3377338501546258700tmp surefire_05390503195196020892tmp"/>
    <property name="jdk.debug" value="release"/>
    <property name="test" value="edu.uob.ExampleDBTests"/>
    <property name="surefire.test.class.path" value="/mnt/c/Users/User/Documents/Java/Assesement/cw-db-submission/target/test-classes:/mnt/c/Users/User/Documents/Java/Assesement/cw-db-submission/target/classes:/root/.m2/repository/org/junit/jupiter/junit-jupiter/5.8.2/junit-jupiter-5.8.2.jar:/root/.m2/repository/org/junit/jupiter/junit-jupiter-api/5.8.2/junit-jupiter-api-5.8.2.jar:/root/.m2/repository/org/opentest4j/opentest4j/1.2.0/opentest4j-1.2.0.jar:/root/.m2/repository/org/junit/platform/junit-platform-commons/1.8.2/junit-platform-commons-1.8.2.jar:/root/.m2/repository/org/apiguardian/apiguardian-api/1.1.2/apiguardian-api-1.1.2.jar:/root/.m2/repository/org/junit/jupiter/junit-jupiter-params/5.8.2/junit-jupiter-params-5.8.2.jar:/root/.m2/repository/org/junit/jupiter/junit-jupiter-engine/5.8.2/junit-jupiter-engine-5.8.2.jar:/root/.m2/repository/org/junit/platform/junit-platform-engine/1.8.2/junit-platform-engine-1.8.2.jar:/root/.m2/repository/org/junit/platform/junit-platform-suite/1.8.2/junit-platform-suite-1.8.2.jar:/root/.m2/repository/org/junit/platform/junit-platform-suite-api/1.8.2/junit-platform-suite-api-1.8.2.jar:/root/.m2/repository/org/junit/platform/junit-platform-suite-engine/1.8.2/junit-platform-suite-engine-1.8.2.jar:/root/.m2/repository/org/junit/platform/junit-platform-suite-commons/1.8.2/junit-platform-suite-commons-1.8.2.jar:/root/.m2/repository/org/junit/platform/junit-platform-launcher/1.8.2/junit-platform-launcher-1.8.2.jar:"/>
    <property name="sun.cpu.endian" value="little"/>
    <property name="user.home" value="/root"/>
    <property name="user.language" value="en"/>
    <property name="java.specification.vendor" value="Oracle Corporation"/>
    <property name="java.version.date" value="2025-01-21"/>
    <property name="java.home" value="/usr/lib/jvm/java-17-openjdk-amd64"/>
    <property name="file.separator" value="/"/>
    <property name="basedir" value="/mnt/c/Users/User/Documents/Java/Assesement/cw-db-submission"/>
    <property name="java.vm.compressedOopsMode" value="Zero based"/>
    <property name="line.separator" value="&#10;"/>
    <property name="java.vm.specification.vendor" value="Oracle Corporation"/>
    <property name="java.specification.name" value="Java Platform API Specification"/>
    <property name="surefire.real.class.path" value="/mnt/c/Users/User/Documents/Java/Assesement/cw-db-submission/target/surefire/surefirebooter3679759925208588012.jar"/>
    <property name="sun.management.compiler" value="HotSpot 64-Bit Tiered Compilers"/>
    <property name="java.runtime.version" value="17.0.14+7-Ubuntu-122.04.1"/>
    <property name="user.name" value="root"/>
    <property name="path.separator" value=":"/>
    <property name="os.version" value="5.15.167.4-microsoft-standard-WSL2"/>
    <property name="java.runtime.name" value="OpenJDK Runtime Environment"/>
    <property name="file.encoding" value="UTF-8"/>
    <property name="java.vm.name" value="OpenJDK 64-Bit Server VM"/>
    <property name="localRepository" value="/root/.m2/repository"/>
    <property name="java.vendor.url.bug" value="https://bugs.launchpad.net/ubuntu/+source/openjdk-17"/>
    <property name="java.io.tmpdir" value="/tmp"/>
    <property name="java.version" value="17.0.14"/>
    <property name="user.dir" value="/mnt/c/Users/User/Documents/Java/Assesement/cw-db-submission"/>
    <property name="os.arch" value="amd64"/>
    <property name="java.vm.specification.name" value="Java Virtual Machine Specification"/>
    <property name="native.encoding" value="UTF-8"/>
    <property name="java.library.path" value="/usr/java/packages/lib:/usr/lib/x86_64-linux-gnu/jni:/lib/x86_64-linux-gnu:/usr/lib/x86_64-linux-gnu:/usr/lib/jni:/lib:/usr/lib"/>
    <property name="java.vm.info" value="mixed mode, sharing"/>
    <property name="java.vendor" value="Ubuntu"/>
    <property name="java.vm.version" value="17.0.14+7-Ubuntu-122.04.1"/>
    <property name="java.specification.maintenance.version" value="1"/>
    <property name="sun.io.unicode.encoding" value="UnicodeLittle"/>
    <property name="java.class.version" value="61.0"/>
  </properties>
  <testcase name="testQueryID" classname="edu.uob.ExampleDBTests" time="0.287">
    <system-out><![CDATA[createTable-------------------
createTable----- true
checkTableExists-------------------
Table Name : marks
tablePath : /mnt/c/Users/User/Documents/Java/Assesement/cw-db-submission/databases/vhenmdhahl/marks.tab
checkTableExists----- true
checkTableExists-------------------
Table Name : marks
tablePath : /mnt/c/Users/User/Documents/Java/Assesement/cw-db-submission/databases/vhenmdhahl/marks.tab
checkTableExists----- true
checkAttributeExist---------------
tableAttributes : [ID, name, mark, pass]
tokens : [ID]
checkAttributeExist: Attribute Found
printBaseConditionTable------------------
conditions : [name, ==, 'Simon']
separateBaseCondition------------------
Condition Found
Condition Amount : 1
ConditionList : [name == 'Simon']
findBaseConditionTable--------------------
aCondition : [name, ==, 'Simon']
filteredTable----------------------
aCondition : [name, ==, 'Simon']
readTable-------------------
File path /mnt/c/Users/User/Documents/Java/Assesement/cw-db-submission/databases/vhenmdhahl/marks.tab
printTable SUCCESS
Attribute: name
headLine : 4
attributeIndex : 1
checkValueType---------------------
checkOperatorValid--------------------
RemoveUnqualifiedData----------------------
attributeIndex : 1 aCondition : [name, ==, 'Simon']
finalTable before adding index : [1	'Simon'	65	TRUE]
finalTable after adding headLine : [ID	name	mark	pass, 1	'Simon'	65	TRUE]
finalTable after adding index : [ID	name	mark	pass, 1	'Simon'	65	TRUE]
printBaseConditionTable FINAL TABLE: 
ID	name	mark	pass
1	'Simon'	65	TRUE
printTableCertainAttr-------------------
getConditionTable : 
ID	name	mark	pass
1	'Simon'	65	TRUE
originalTable after string2ArrayList: 
ID	name	mark	pass
1	'Simon'	65	TRUE
headLine : [ID, name, mark, pass]
wildAttributes : [ID]
headLine[1] : name
indexList : [0]
dataNum : 1
finalTable : 
[1	]
printTableCertainAttr SUCCESS
]]></system-out>
  </testcase>
  <testcase name="testBasicCreateAndQuery" classname="edu.uob.ExampleDBTests" time="0.12">
    <system-out><![CDATA[createTable-------------------
createTable----- true
checkTableExists-------------------
Table Name : marks
tablePath : /mnt/c/Users/User/Documents/Java/Assesement/cw-db-submission/databases/pwwvtymyhe/marks.tab
checkTableExists----- true
checkTableExists-------------------
Table Name : marks
tablePath : /mnt/c/Users/User/Documents/Java/Assesement/cw-db-submission/databases/pwwvtymyhe/marks.tab
checkTableExists----- true
checkTableExists-------------------
Table Name : marks
tablePath : /mnt/c/Users/User/Documents/Java/Assesement/cw-db-submission/databases/pwwvtymyhe/marks.tab
checkTableExists----- true
checkTableExists-------------------
Table Name : marks
tablePath : /mnt/c/Users/User/Documents/Java/Assesement/cw-db-submission/databases/pwwvtymyhe/marks.tab
checkTableExists----- true
checkTableExists-------------------
Table Name : marks
tablePath : /mnt/c/Users/User/Documents/Java/Assesement/cw-db-submission/databases/pwwvtymyhe/marks.tab
checkTableExists----- true
readTable-------------------
File path /mnt/c/Users/User/Documents/Java/Assesement/cw-db-submission/databases/pwwvtymyhe/marks.tab
printTable SUCCESS
]]></system-out>
  </testcase>
  <testcase name="testTablePersistsAfterRestart" classname="edu.uob.ExampleDBTests" time="0.057">
    <system-out><![CDATA[createTable-------------------
createTable----- true
checkTableExists-------------------
Table Name : marks
tablePath : /mnt/c/Users/User/Documents/Java/Assesement/cw-db-submission/databases/vytxrtoelu/marks.tab
checkTableExists----- true
checkTableExists-------------------
Table Name : marks
tablePath : /mnt/c/Users/User/Documents/Java/Assesement/cw-db-submission/databases/vytxrtoelu/marks.tab
checkTableExists----- true
readTable-------------------
File path /mnt/c/Users/User/Documents/Java/Assesement/cw-db-submission/databases/vytxrtoelu/marks.tab
printTable SUCCESS
]]></system-out>
  </testcase>
  <testcase name="testForErrorTag" classname="edu.uob.ExampleDBTests" time="0.046">
    <system-out><![CDATA[createTable-------------------
createTable----- true
checkTableExists-------------------
Table Name : marks
tablePath : /mnt/c/Users/User/Documents/Java/Assesement/cw-db-submission/databases/jwakqkhyfv/marks.tab
checkTableExists----- true
checkTableExists-------------------
Table Name : libraryfines
tablePath : /mnt/c/Users/User/Documents/Java/Assesement/cw-db-submission/databases/jwakqkhyfv/libraryfines.tab
checkTableExists----- false
]]></system-out>
  </testcase>
</testsuite>